0 verbose cli /usr/bin/node /usr/bin/npm
1 info using npm@8.15.0
2 info using node@v16.17.0
3 timing npm:load:whichnode Completed in 0ms
4 timing config:load:defaults Completed in 1ms
5 timing config:load:file:/usr/lib/node_modules/npm/npmrc Completed in 1ms
6 timing config:load:builtin Completed in 1ms
7 timing config:load:cli Completed in 1ms
8 timing config:load:env Completed in 0ms
9 timing config:load:project Completed in 7ms
10 timing config:load:file:/var/www/.npmrc Completed in 0ms
11 timing config:load:user Completed in 0ms
12 timing config:load:file:/usr/etc/npmrc Completed in 0ms
13 timing config:load:global Completed in 0ms
14 timing config:load:validate Completed in 0ms
15 timing config:load:credentials Completed in 0ms
16 timing config:load:setEnvs Completed in 1ms
17 timing config:load Completed in 14ms
18 timing npm:load:configload Completed in 14ms
19 timing npm:load:mkdirpcache Completed in 1ms
20 timing npm:load:mkdirplogs Completed in 0ms
21 verbose title npm run waatch
22 verbose argv "run" "waatch"
23 timing npm:load:setTitle Completed in 1ms
24 timing config:load:flatten Completed in 2ms
25 timing npm:load:display Completed in 3ms
26 verbose logfile logs-max:10 dir:/var/www/.npm/_logs
27 verbose logfile /var/www/.npm/_logs/2022-09-20T11_51_28_429Z-debug-0.log
28 timing npm:load:logFile Completed in 5ms
29 timing npm:load:timers Completed in 0ms
30 timing npm:load:configScope Completed in 0ms
31 timing npm:load Completed in 25ms
32 silly logfile start cleaning logs, removing 1 files
33 silly logfile done cleaning log files
34 timing command:run Completed in 5ms
35 verbose stack Error: Missing script: "waatch"
35 verbose stack
35 verbose stack Did you mean this?
35 verbose stack     npm run watch # run the "watch" package script
35 verbose stack
35 verbose stack To see a list of scripts, run:
35 verbose stack   npm run
35 verbose stack     at RunScript.run (/usr/lib/node_modules/npm/lib/commands/run-script.js:98:13)
35 verbose stack     at async module.exports (/usr/lib/node_modules/npm/lib/cli.js:78:5)
36 verbose cwd /var/www
37 verbose Linux 5.19.9-200.fc36.x86_64
38 verbose node v16.17.0
39 verbose npm  v8.15.0
40 error Missing script: "waatch"
40 error
40 error Did you mean this?
40 error     npm run watch # run the "watch" package script
40 error
40 error To see a list of scripts, run:
40 error   npm run
41 verbose exit 1
42 timing npm Completed in 40ms
43 verbose code 1
44 error A complete log of this run can be found in:
44 error     /var/www/.npm/_logs/2022-09-20T11_51_28_429Z-debug-0.log
